[ 2025-01-17 15:10:05,282-INFO-Initiate data ingestion ]
[ 2025-01-17 15:10:05,466-INFO-{"message": "Waiting for suitable server to become available", "selector": "Primary()", "operation": "find", "topologyDescription": "<TopologyDescription id: 678a25752f8a8ba1592b84b3, topology_type: ReplicaSetNoPrimary, servers: [<ServerDescription ('cluster0-shard-00-00.rpg3w.mongodb.net', 27017) server_type: Unknown, rtt: None>, <ServerDescription ('cluster0-shard-00-01.rpg3w.mongodb.net', 27017) server_type: Unknown, rtt: None>, <ServerDescription ('cluster0-shard-00-02.rpg3w.mongodb.net', 27017) server_type: Unknown, rtt: None>]>", "clientId": {"$oid": "678a25752f8a8ba1592b84b3"}, "remainingTimeMS": 30} ]
[ 2025-01-17 15:10:20,179-INFO-Performed train-test split ]
[ 2025-01-17 15:10:20,448-INFO-Exported train test split ]
[ 2025-01-17 15:10:20,464-INFO-Initiate the data validation ]
[ 2025-01-17 15:10:20,539-INFO-Number_of_columns is: 2 ]
[ 2025-01-17 15:10:20,539-INFO-Number of columns is:31 ]
[ 2025-01-17 15:10:20,539-INFO-Number_of_columns is: 2 ]
[ 2025-01-17 15:10:20,539-INFO-Number of columns is:31 ]
[ 2025-01-17 15:10:21,149-INFO-Data Validation Completed ]
[ 2025-01-17 15:10:21,164-INFO-Initiate data transformation ]
[ 2025-01-17 15:10:21,164-INFO-Starting data transformation ]
[ 2025-01-17 15:10:21,257-INFO-Enter get data transformation method of transformation class ]
[ 2025-01-17 15:10:21,303-INFO-Data Transformation Completed ]
[ 2025-01-17 15:10:21,303-INFO-Model trainer config initialised ]
[ 2025-01-17 15:10:21,303-INFO-Model trainer initialised ]
[ 2025-01-17 15:10:24,938-INFO-LogisticRegression ]
[ 2025-01-17 15:10:25,027-INFO-Model trainer artifact:ModelTrainerArtifact(trained_model_file_path='Artifacts\\2025-01-17 15-10-03\\model_trainer\\trained_model\\model.pkl', train_metric_artifact=ClassificationMetricArtifact(f1_score=0.9282700421940928, precision_score=0.9183977735811549, recall_score=0.9383568599573474), test_metric_artifact=ClassificationMetricArtifact(f1_score=0.9342685370741483, precision_score=0.9239001189060642, recall_score=0.9448723145520875)) ]
[ 2025-01-17 15:10:25,027-INFO-Model trainer artifact initialised ]
[ 2025-01-17 15:10:25,035-INFO-Model Trainer Completed ]
